# JRE version: 7.0_13-b20
# Java VM: Java HotSpot(TM) 64-Bit Server VM (23.7-b01 mixed mode linux-amd64 compressed oops)
Heap
 PSYoungGen      total 147776K, used 82097K [0x00000000f5560000, 0x0000000100000000, 0x0000000100000000)
  eden space 124160K, 47% used [0x00000000f5560000,0x00000000f8f2a6d8,0x00000000fcea0000)
  from space 23616K, 97% used [0x00000000fe760000,0x00000000ffdc1ea0,0x00000000ffe70000)
  to   space 25280K, 0% used [0x00000000fcea0000,0x00000000fcea0000,0x00000000fe750000)
 ParOldGen       total 131584K, used 96540K [0x00000000e0000000, 0x00000000e8080000, 0x00000000f5560000)
  object space 131584K, 73% used [0x00000000e0000000,0x00000000e5e472e8,0x00000000e8080000)
 PSPermGen       total 158592K, used 130395K [0x00000000d0000000, 0x00000000d9ae0000, 0x00000000e0000000)
  object space 158592K, 82% used [0x00000000d0000000,0x00000000d7f56e78,0x00000000d9ae0000)
GC Heap History (10 events):
Event: 6019.784 GC heap before
{Heap before GC invocations=110 (full 4):
 PSYoungGen      total 150336K, used 138383K [0x00000000f5560000, 0x0000000100000000, 0x0000000100000000)
  eden space 125952K, 100% used [0x00000000f5560000,0x00000000fd060000,0x00000000fd060000)
  from space 24384K, 50% used [0x00000000fd060000,0x00000000fdc83e68,0x00000000fe830000)
  to   space 24384K, 0% used [0x00000000fe830000,0x00000000fe830000,0x0000000100000000)
 ParOldGen       total 131584K, used 95635K [0x00000000e0000000, 0x00000000e8080000, 0x00000000f5560000)
  object space 131584K, 72% used [0x00000000e0000000,0x00000000e5d64fd8,0x00000000e8080000)
 PSPermGen       total 158592K, used 128300K [0x00000000d0000000, 0x00000000d9ae0000, 0x00000000e0000000)
  object space 158592K, 80% used [0x00000000d0000000,0x00000000d7d4b2a0,0x00000000d9ae0000)
Event: 6019.809 GC heap after
Heap after GC invocations=110 (full 4):
 PSYoungGen      total 148672K, used 20846K [0x00000000f5560000, 0x0000000100000000, 0x0000000100000000)
  eden space 124288K, 0% used [0x00000000f5560000,0x00000000f5560000,0x00000000fcec0000)
  from space 24384K, 85% used [0x00000000fe830000,0x00000000ffc8b9b8,0x0000000100000000)
  to   space 25216K, 0% used [0x00000000fcec0000,0x00000000fcec0000,0x00000000fe760000)
 ParOldGen       total 131584K, used 95691K [0x00000000e0000000, 0x00000000e8080000, 0x00000000f5560000)
  object space 131584K, 72% used [0x00000000e0000000,0x00000000e5d72fd8,0x00000000e8080000)
 PSPermGen       total 158592K, used 128300K [0x00000000d0000000, 0x00000000d9ae0000, 0x00000000e0000000)
  object space 158592K, 80% used [0x00000000d0000000,0x00000000d7d4b2a0,0x00000000d9ae0000)
}
Event: 6082.040 GC heap before
{Heap before GC invocations=111 (full 4):
 PSYoungGen      total 148672K, used 145134K [0x00000000f5560000, 0x0000000100000000, 0x0000000100000000)
  eden space 124288K, 100% used [0x00000000f5560000,0x00000000fcec0000,0x00000000fcec0000)
  from space 24384K, 85% used [0x00000000fe830000,0x00000000ffc8b9b8,0x0000000100000000)
  to   space 25216K, 0% used [0x00000000fcec0000,0x00000000fcec0000,0x00000000fe760000)
 ParOldGen       total 131584K, used 95691K [0x00000000e0000000, 0x00000000e8080000, 0x00000000f5560000)
  object space 131584K, 72% used [0x00000000e0000000,0x00000000e5d72fd8,0x00000000e8080000)
 PSPermGen       total 158592K, used 128307K [0x00000000d0000000, 0x00000000d9ae0000, 0x00000000e0000000)
  object space 158592K, 80% used [0x00000000d0000000,0x00000000d7d4cf70,0x00000000d9ae0000)
Event: 6082.062 GC heap after
Heap after GC invocations=111 (full 4):
 PSYoungGen      total 149504K, used 15702K [0x00000000f5560000, 0x00000000fff90000, 0x0000000100000000)
  eden space 124288K, 0% used [0x00000000f5560000,0x00000000f5560000,0x00000000fcec0000)
  from space 25216K, 62% used [0x00000000fcec0000,0x00000000fde15988,0x00000000fe760000)
  to   space 24576K, 0% used [0x00000000fe790000,0x00000000fe790000,0x00000000fff90000)
 ParOldGen       total 131584K, used 95795K [0x00000000e0000000, 0x00000000e8080000, 0x00000000f5560000)
  object space 131584K, 72% used [0x00000000e0000000,0x00000000e5d8cfd8,0x00000000e8080000)
 PSPermGen       total 158592K, used 128307K [0x00000000d0000000, 0x00000000d9ae0000, 0x00000000e0000000)
  object space 158592K, 80% used [0x00000000d0000000,0x00000000d7d4cf70,0x00000000d9ae0000)
}
Event: 6092.210 GC heap before
{Heap before GC invocations=112 (full 4):
 PSYoungGen      total 149504K, used 139990K [0x00000000f5560000, 0x00000000fff90000, 0x0000000100000000)
  eden space 124288K, 100% used [0x00000000f5560000,0x00000000fcec0000,0x00000000fcec0000)
  from space 25216K, 62% used [0x00000000fcec0000,0x00000000fde15988,0x00000000fe760000)
  to   space 24576K, 0% used [0x00000000fe790000,0x00000000fe790000,0x00000000fff90000)
 ParOldGen       total 131584K, used 95795K [0x00000000e0000000, 0x00000000e8080000, 0x00000000f5560000)
  object space 131584K, 72% used [0x00000000e0000000,0x00000000e5d8cfd8,0x00000000e8080000)
 PSPermGen       total 158592K, used 128334K [0x00000000d0000000, 0x00000000d9ae0000, 0x00000000e0000000)
  object space 158592K, 80% used [0x00000000d0000000,0x00000000d7d539d8,0x00000000d9ae0000)
Event: 6092.227 GC heap after
Heap after GC invocations=112 (full 4):
 PSYoungGen      total 148288K, used 17377K [0x00000000f5560000, 0x00000000ffe60000, 0x0000000100000000)
  eden space 124928K, 0% used [0x00000000f5560000,0x00000000f5560000,0x00000000fcf60000)
  from space 23360K, 74% used [0x00000000fe790000,0x00000000ff8886f0,0x00000000ffe60000)
  to   space 24064K, 0% used [0x00000000fcf60000,0x00000000fcf60000,0x00000000fe6e0000)
 ParOldGen       total 131584K, used 96372K [0x00000000e0000000, 0x00000000e8080000, 0x00000000f5560000)
  object space 131584K, 73% used [0x00000000e0000000,0x00000000e5e1d2e8,0x00000000e8080000)
 PSPermGen       total 158592K, used 128334K [0x00000000d0000000, 0x00000000d9ae0000, 0x00000000e0000000)
  object space 158592K, 80% used [0x00000000d0000000,0x00000000d7d539d8,0x00000000d9ae0000)
}
Event: 6134.942 GC heap before
{Heap before GC invocations=113 (full 4):
 PSYoungGen      total 148288K, used 142305K [0x00000000f5560000, 0x00000000ffe60000, 0x0000000100000000)
  eden space 124928K, 100% used [0x00000000f5560000,0x00000000fcf60000,0x00000000fcf60000)
  from space 23360K, 74% used [0x00000000fe790000,0x00000000ff8886f0,0x00000000ffe60000)
  to   space 24064K, 0% used [0x00000000fcf60000,0x00000000fcf60000,0x00000000fe6e0000)
 ParOldGen       total 131584K, used 96372K [0x00000000e0000000, 0x00000000e8080000, 0x00000000f5560000)
  object space 131584K, 73% used [0x00000000e0000000,0x00000000e5e1d2e8,0x00000000e8080000)
 PSPermGen       total 158592K, used 128358K [0x00000000d0000000, 0x00000000d9ae0000, 0x00000000e0000000)
  object space 158592K, 80% used [0x00000000d0000000,0x00000000d7d599b8,0x00000000d9ae0000)
Event: 6134.963 GC heap after
Heap after GC invocations=113 (full 4):
 PSYoungGen      total 148992K, used 14901K [0x00000000f5560000, 0x00000000ffe70000, 0x0000000100000000)
  eden space 124928K, 0% used [0x00000000f5560000,0x00000000f5560000,0x00000000fcf60000)
  from space 24064K, 61% used [0x00000000fcf60000,0x00000000fdded658,0x00000000fe6e0000)
  to   space 23616K, 0% used [0x00000000fe760000,0x00000000fe760000,0x00000000ffe70000)
 ParOldGen       total 131584K, used 96460K [0x00000000e0000000, 0x00000000e8080000, 0x00000000f5560000)
  object space 131584K, 73% used [0x00000000e0000000,0x00000000e5e332e8,0x00000000e8080000)
 PSPermGen       total 158592K, used 128358K [0x00000000d0000000, 0x00000000d9ae0000, 0x00000000e0000000)
  object space 158592K, 80% used [0x00000000d0000000,0x00000000d7d599b8,0x00000000d9ae0000)
}
Event: 6162.557 GC heap before
{Heap before GC invocations=114 (full 4):
 PSYoungGen      total 148992K, used 139829K [0x00000000f5560000, 0x00000000ffe70000, 0x0000000100000000)
  eden space 124928K, 100% used [0x00000000f5560000,0x00000000fcf60000,0x00000000fcf60000)
  from space 24064K, 61% used [0x00000000fcf60000,0x00000000fdded658,0x00000000fe6e0000)
  to   space 23616K, 0% used [0x00000000fe760000,0x00000000fe760000,0x00000000ffe70000)
 ParOldGen       total 131584K, used 96460K [0x00000000e0000000, 0x00000000e8080000, 0x00000000f5560000)
  object space 131584K, 73% used [0x00000000e0000000,0x00000000e5e332e8,0x00000000e8080000)
 PSPermGen       total 158592K, used 130388K [0x00000000d0000000, 0x00000000d9ae0000, 0x00000000e0000000)
  object space 158592K, 82% used [0x00000000d0000000,0x00000000d7f55368,0x00000000d9ae0000)
Event: 6162.580 GC heap after
Heap after GC invocations=114 (full 4):
 PSYoungGen      total 147776K, used 22919K [0x00000000f5560000, 0x0000000100000000, 0x0000000100000000)
  eden space 124160K, 0% used [0x00000000f5560000,0x00000000f5560000,0x00000000fcea0000)
  from space 23616K, 97% used [0x00000000fe760000,0x00000000ffdc1ea0,0x00000000ffe70000)
  to   space 25280K, 0% used [0x00000000fcea0000,0x00000000fcea0000,0x00000000fe750000)
 ParOldGen       total 131584K, used 96540K [0x00000000e0000000, 0x00000000e8080000, 0x00000000f5560000)
  object space 131584K, 73% used [0x00000000e0000000,0x00000000e5e472e8,0x00000000e8080000)
 PSPermGen       total 158592K, used 130388K [0x00000000d0000000, 0x00000000d9ae0000, 0x00000000e0000000)
  object space 158592K, 82% used [0x00000000d0000000,0x00000000d7f55368,0x00000000d9ae0000)
}

